<?xml version="1.0" encoding="UTF-8"?>
<!-- Generated by org.testng.reporters.JUnitReportReporter -->
<testsuite hostname="RT1020256" failures="0" tests="1" name="ScrollTest" time="0.000" errors="0" timestamp="2022-12-28T08:00:17 PST" skipped="1">
  <testcase classname="ScrollTest" name="scrollTest" time="0.000">
    <skipped/>
  </testcase> <!-- scrollTest -->
  <system-out/>
</testsuite> <!-- ScrollTest -->
